<?xml version="1.0" encoding="UTF-8"?>
<testng-results ignored="0" total="1" passed="1" failed="0" skipped="0">
  <reporter-output>
  </reporter-output>
  <suite started-at="2024-09-13T15:05:14 IST" name="Suite" finished-at="2024-09-13T15:05:41 IST" duration-ms="26576">
    <groups>
    </groups>
    <test started-at="2024-09-13T15:05:14 IST" name="Test" finished-at="2024-09-13T15:05:41 IST" duration-ms="26576">
      <class name="testCases.TC003_CartTest">
        <test-method is-config="true" signature="setup()[pri:0, instance:testCases.TC003_CartTest@3012646b]" started-at="2024-09-13T15:05:14 IST" name="setup" finished-at="2024-09-13T15:05:27 IST" duration-ms="12708" status="PASS">
          <reporter-output>
          </reporter-output>
        </test-method> <!-- setup -->
        <test-method signature="verifyCartSection()[pri:0, instance:testCases.TC003_CartTest@3012646b]" started-at="2024-09-13T15:05:27 IST" name="verifyCartSection" finished-at="2024-09-13T15:05:40 IST" duration-ms="13213" status="PASS">
          <reporter-output>
          </reporter-output>
        </test-method> <!-- verifyCartSection -->
        <test-method is-config="true" signature="tearDown()[pri:0, instance:testCases.TC003_CartTest@3012646b]" started-at="2024-09-13T15:05:40 IST" name="tearDown" finished-at="2024-09-13T15:05:41 IST" duration-ms="639" status="PASS">
          <reporter-output>
          </reporter-output>
        </test-method> <!-- tearDown -->
      </class> <!-- testCases.TC003_CartTest -->
    </test> <!-- Test -->
  </suite> <!-- Suite -->
</testng-results>
