<?xml version="1.0" encoding="UTF-8"?>
<testng-results ignored="0" total="1" passed="1" failed="0" skipped="0">
  <reporter-output>
  </reporter-output>
  <suite started-at="2024-09-13T18:12:56 IST" name="Suite" finished-at="2024-09-13T18:13:28 IST" duration-ms="31178">
    <groups>
    </groups>
    <test started-at="2024-09-13T18:12:56 IST" name="Test" finished-at="2024-09-13T18:13:28 IST" duration-ms="31178">
      <class name="testCases.TC005_ConfirmationTest">
        <test-method is-config="true" signature="setup()[pri:0, instance:testCases.TC005_ConfirmationTest@3012646b]" started-at="2024-09-13T18:12:56 IST" name="setup" finished-at="2024-09-13T18:13:08 IST" duration-ms="11236" status="PASS">
          <reporter-output>
          </reporter-output>
        </test-method> <!-- setup -->
        <test-method signature="verifyConformationMessage()[pri:0, instance:testCases.TC005_ConfirmationTest@3012646b]" started-at="2024-09-13T18:13:08 IST" name="verifyConformationMessage" finished-at="2024-09-13T18:13:27 IST" duration-ms="19787" status="PASS">
          <reporter-output>
          </reporter-output>
        </test-method> <!-- verifyConformationMessage -->
        <test-method is-config="true" signature="tearDown()[pri:0, instance:testCases.TC005_ConfirmationTest@3012646b]" started-at="2024-09-13T18:13:27 IST" name="tearDown" finished-at="2024-09-13T18:13:28 IST" duration-ms="139" status="PASS">
          <reporter-output>
          </reporter-output>
        </test-method> <!-- tearDown -->
      </class> <!-- testCases.TC005_ConfirmationTest -->
    </test> <!-- Test -->
  </suite> <!-- Suite -->
</testng-results>
